<?xml version="1.0" encoding="UTF-8"?>
<!-- Generated by org.testng.reporters.JUnitReportReporter -->
<testsuite skipped="0" hostname="D-113063648" name="com.wipro.mavenpro.AssignmentNew1.TC01_RegistrationandAddtoCart" tests="2" failures="0" timestamp="27 Feb 2018 09:25:01 GMT" time="39.484" errors="0">
  <testcase name="RegistrationandAddtoCart" time="32.377" classname="com.wipro.mavenpro.AssignmentNew1.TC01_RegistrationandAddtoCart"/>
  <testcase name="RegistrationandAddtoCart" time="7.107" classname="com.wipro.mavenpro.AssignmentNew1.TC01_RegistrationandAddtoCart"/>
</testsuite> <!-- com.wipro.mavenpro.AssignmentNew1.TC01_RegistrationandAddtoCart -->
