<?xml version="1.0" encoding="UTF-8"?>
<!-- Generated by org.testng.reporters.JUnitReportReporter -->
<testsuite skipped="0" hostname="D-113063648" name="com.wipro.mavenpro.AssignmentNew1.TC01_RegistrationandAddtoCart" tests="2" failures="0" timestamp="26 Feb 2018 13:33:44 GMT" time="46.926" errors="0">
  <testcase name="RegistrationandAddtoCart" time="8.772" classname="com.wipro.mavenpro.AssignmentNew1.TC01_RegistrationandAddtoCart"/>
  <testcase name="RegistrationandAddtoCart" time="38.154" classname="com.wipro.mavenpro.AssignmentNew1.TC01_RegistrationandAddtoCart"/>
</testsuite> <!-- com.wipro.mavenpro.AssignmentNew1.TC01_RegistrationandAddtoCart -->
