<?xml version="1.0" encoding="UTF-8"?>
<!-- Generated by org.testng.reporters.JUnitReportReporter -->
<testsuite skipped="0" hostname="D-113063648" name="com.wipro.mavenpro.AssignmentNew1.TC01_RegistrationandAddtoCart" tests="1" failures="0" timestamp="20 Feb 2018 06:33:06 GMT" time="10.461" errors="0">
  <testcase name="RegistrationandAddtoCart" time="10.461" classname="com.wipro.mavenpro.AssignmentNew1.TC01_RegistrationandAddtoCart"/>
</testsuite> <!-- com.wipro.mavenpro.AssignmentNew1.TC01_RegistrationandAddtoCart -->
